<?xml version="1.0" encoding="UTF-8"?>
<testsuite xmlns:xsi="http://www.w3.org/2001/XMLSchema-instance" xsi:noNamespaceSchemaLocation="https://maven.apache.org/surefire/maven-surefire-plugin/xsd/surefire-test-report.xsd" name="McGill.ECSE429.AppTest" time="0.065" tests="1" errors="0" skipped="0" failures="0">
  <properties>
    <property name="java.specification.version" value="14"/>
    <property name="sun.cpu.isalist" value="amd64"/>
    <property name="sun.jnu.encoding" value="Cp1252"/>
    <property name="java.class.path" value="C:\Users\noahc\Documents\FALL 2021\ECSE 429 - Software Validation\Tutorials\tutorial1\Tutorial.1\target\test-classes;C:\Users\noahc\Documents\FALL 2021\ECSE 429 - Software Validation\Tutorials\tutorial1\Tutorial.1\target\classes;C:\Users\noahc\.m2\repository\junit\junit\4.11\junit-4.11.jar;C:\Users\noahc\.m2\repository\org\hamcrest\hamcrest-core\1.3\hamcrest-core-1.3.jar;"/>
    <property name="java.vm.vendor" value="Oracle Corporation"/>
    <property name="sun.arch.data.model" value="64"/>
    <property name="user.variant" value=""/>
    <property name="java.vendor.url" value="https://java.oracle.com/"/>
    <property name="user.timezone" value="America/Toronto"/>
    <property name="os.name" value="Windows 10"/>
    <property name="java.vm.specification.version" value="14"/>
    <property name="sun.java.launcher" value="SUN_STANDARD"/>
    <property name="user.country" value="CA"/>
    <property name="sun.boot.library.path" value="C:\Program Files\Java\jdk-14.0.1\bin"/>
    <property name="sun.java.command" value="C:\Users\noahc\AppData\Local\Temp\surefire6276519689574801975\surefirebooter11705839585601878324.jar C:\Users\noahc\AppData\Local\Temp\surefire6276519689574801975 2021-09-10T10-54-03_866-jvmRun1 surefire3910178362369972662tmp surefire_010190939699050802779tmp"/>
    <property name="jdk.debug" value="release"/>
    <property name="surefire.test.class.path" value="C:\Users\noahc\Documents\FALL 2021\ECSE 429 - Software Validation\Tutorials\tutorial1\Tutorial.1\target\test-classes;C:\Users\noahc\Documents\FALL 2021\ECSE 429 - Software Validation\Tutorials\tutorial1\Tutorial.1\target\classes;C:\Users\noahc\.m2\repository\junit\junit\4.11\junit-4.11.jar;C:\Users\noahc\.m2\repository\org\hamcrest\hamcrest-core\1.3\hamcrest-core-1.3.jar;"/>
    <property name="sun.cpu.endian" value="little"/>
    <property name="user.home" value="C:\Users\noahc"/>
    <property name="user.language" value="en"/>
    <property name="java.specification.vendor" value="Oracle Corporation"/>
    <property name="java.version.date" value="2020-04-14"/>
    <property name="java.home" value="C:\Program Files\Java\jdk-14.0.1"/>
    <property name="file.separator" value="\"/>
    <property name="basedir" value="C:\Users\noahc\Documents\FALL 2021\ECSE 429 - Software Validation\Tutorials\tutorial1\Tutorial.1"/>
    <property name="java.vm.compressedOopsMode" value="32-bit"/>
    <property name="line.separator" value="&#10;"/>
    <property name="java.vm.specification.vendor" value="Oracle Corporation"/>
    <property name="java.specification.name" value="Java Platform API Specification"/>
    <property name="surefire.real.class.path" value="C:\Users\noahc\AppData\Local\Temp\surefire6276519689574801975\surefirebooter11705839585601878324.jar"/>
    <property name="user.script" value=""/>
    <property name="sun.management.compiler" value="HotSpot 64-Bit Tiered Compilers"/>
    <property name="java.runtime.version" value="14.0.1+7"/>
    <property name="user.name" value="noahc"/>
    <property name="path.separator" value=";"/>
    <property name="os.version" value="10.0"/>
    <property name="java.runtime.name" value="Java(TM) SE Runtime Environment"/>
    <property name="file.encoding" value="Cp1252"/>
    <property name="java.vm.name" value="Java HotSpot(TM) 64-Bit Server VM"/>
    <property name="localRepository" value="C:\Users\noahc\.m2\repository"/>
    <property name="java.vendor.url.bug" value="https://bugreport.java.com/bugreport/"/>
    <property name="java.io.tmpdir" value="C:\Users\noahc\AppData\Local\Temp\"/>
    <property name="java.version" value="14.0.1"/>
    <property name="user.dir" value="C:\Users\noahc\Documents\FALL 2021\ECSE 429 - Software Validation\Tutorials\tutorial1\Tutorial.1"/>
    <property name="os.arch" value="amd64"/>
    <property name="java.vm.specification.name" value="Java Virtual Machine Specification"/>
    <property name="sun.os.patch.level" value=""/>
    <property name="java.library.path" value="C:\Program Files\Java\jdk-14.0.1\bin;C:\WINDOWS\Sun\Java\bin;C:\WINDOWS\system32;C:\WINDOWS;C:\Users\noahc\bin;C:\Program Files\Git\mingw64\bin;C:\Program Files\Git\usr\local\bin;C:\Program Files\Git\usr\bin;C:\Program Files\Git\usr\bin;C:\Program Files\Git\mingw64\bin;C:\Program Files\Git\usr\bin;C:\Users\noahc\bin;C:\WINDOWS\system32;C:\WINDOWS;C:\WINDOWS\System32\Wbem;C:\WINDOWS\System32\WindowsPowerShell\v1.0;C:\WINDOWS\System32\OpenSSH;C:\Program Files (x86)\Intel\Intel(R) Management Engine Components\DAL;C:\Program Files\Intel\Intel(R) Management Engine Components\DAL;C:\MinGW\bin;C:\Program Files\MATLAB\R2019b\bin;C:\Program Files\Java\jdk-14.0.1\bin;C:\Gradle\gradle-6.6.1\bin;C:\Spring Boot\spring-2.3.4.RELEASE\bin;C:\Travis\travis.rb-1.10.0\bin;C:\Program Files\nodejs;C:\ProgramData\chocolatey\bin;C:\Program Files\Git\cmd;C:\Users\noahc\Downloads\apache-maven-3.8.2-bin\apache-maven-3.8.2\bin;C:\Ruby26-x64\bin;C:\Users\noahc\AppData\Local\Microsoft\WindowsApps;C:\Program Files\Java\jdk-14.0.1\bin;C:\Program Files\heroku\bin;C:\Users\noahc\AppData\Local\Programs\Microsoft VS Code\bin;C:\Users\noahc\AppData\Roaming\npm;C:\Users\noahc\AppData\Local\GitHubDesktop\bin;C:\Users\noahc\AppData\Local\Microsoft\WindowsApps;C:\Users\noahc\AppData\Local\Programs\MiKTeX\miktex\bin\x64;C:\Program Files\Git\usr\bin\vendor_perl;C:\Program Files\Git\usr\bin\core_perl;."/>
    <property name="java.vm.info" value="mixed mode, sharing"/>
    <property name="java.vendor" value="Oracle Corporation"/>
    <property name="java.vm.version" value="14.0.1+7"/>
    <property name="sun.io.unicode.encoding" value="UnicodeLittle"/>
    <property name="java.class.version" value="58.0"/>
  </properties>
  <testcase name="shouldAnswerWithTrue" classname="McGill.ECSE429.AppTest" time="0.003"/>
</testsuite>